Arguments: 
  C:\Program Files\nodejs\node.exe C:\Program Files (x86)\Yarn\bin\yarn.js add @types/leaflet:^1.2.0

PATH: 
  C:\Program Files\Git\mingw64\bin;C:\Program Files\Git\usr\bin;C:\Users\Canuto\bin;C:\Program Files (x86)\Common Files\Oracle\Java\javapath;C:\WINDOWS\system32;C:\WINDOWS;C:\WINDOWS\System32\Wbem;C:\WINDOWS\System32\WindowsPowerShell\v1.0;C:\WINDOWS\System32\OpenSSH;C:\Program Files\Microsoft SQL Server\130\Tools\Binn;C:\Program Files\Git\cmd;C:\Program Files\nodejs;C:\Program Files (x86)\Yarn\bin;C:\Users\Canuto\AppData\Local\Microsoft\WindowsApps;C:\Users\Canuto\AppData\Local\Programs\Microsoft VS Code\bin;C:\Users\Canuto\AppData\Roaming\npm;C:\Users\Canuto\AppData\Local\Yarn\bin

Yarn version: 
  1.22.5

Node version: 
  12.18.3

Platform: 
  win32 x64

Trace: 
  Error: https://registry.yarnpkg.com/@types%2fleaflet:%5E1.2.0: Not found
      at Request.params.callback [as _callback] (C:\Program Files (x86)\Yarn\lib\cli.js:66097:18)
      at Request.self.callback (C:\Program Files (x86)\Yarn\lib\cli.js:140749:22)
      at Request.emit (events.js:315:20)
      at Request.<anonymous> (C:\Program Files (x86)\Yarn\lib\cli.js:141721:10)
      at Request.emit (events.js:315:20)
      at IncomingMessage.<anonymous> (C:\Program Files (x86)\Yarn\lib\cli.js:141643:12)
      at Object.onceWrapper (events.js:421:28)
      at IncomingMessage.emit (events.js:327:22)
      at endReadableNT (_stream_readable.js:1220:12)
      at processTicksAndRejections (internal/process/task_queues.js:84:21)

npm manifest: 
  {
    "dependencies": {
      "leaflet": "^1.7.1",
      "react-leaflet": "^3.0.2"
    },
    "devDependencies": {
      "@types/react-leaflet": "^2.5.2"
    }
  }

yarn manifest: 
  No manifest

Lockfile: 
  # THIS IS AN AUTOGENERATED FILE. DO NOT EDIT THIS FILE DIRECTLY.
  # yarn lockfile v1
  
  
  "@react-leaflet/core@^1.0.2":
    version "1.0.2"
    resolved "https://registry.yarnpkg.com/@react-leaflet/core/-/core-1.0.2.tgz#39c6a73f61c666d5dcf673741cea2672fa4bbae1"
    integrity sha512-QbleYZTMcgujAEyWGki8Lx6cXQqWkNtQlqf5c7NImlIp8bKW66bFpez/6EVatW7+p9WKBOEOVci/9W7WW70EZg==
  
  "@types/geojson@*":
    version "7946.0.7"
    resolved "https://registry.yarnpkg.com/@types/geojson/-/geojson-7946.0.7.tgz#c8fa532b60a0042219cdf173ca21a975ef0666ad"
    integrity sha512-wE2v81i4C4Ol09RtsWFAqg3BUitWbHSpSlIo+bNdsCJijO9sjme+zm+73ZMCa/qMC8UEERxzGbvmr1cffo2SiQ==
  
  "@types/leaflet@*":
    version "1.5.19"
    resolved "https://registry.yarnpkg.com/@types/leaflet/-/leaflet-1.5.19.tgz#f290e21fe7a4744d68bb4b0709e99ce490120e6e"
    integrity sha512-ZAKqfvdU/+KFoCpf8aUba09F8mfSc8R2esq++Cha3E2DgwS5K/I/4eJ+0JylrVHZivgY7PSAeXFv/izP+81/MQ==
    dependencies:
      "@types/geojson" "*"
  
  "@types/prop-types@*":
    version "15.7.3"
    resolved "https://registry.yarnpkg.com/@types/prop-types/-/prop-types-15.7.3.tgz#2ab0d5da2e5815f94b0b9d4b95d1e5f243ab2ca7"
    integrity sha512-KfRL3PuHmqQLOG+2tGpRO26Ctg+Cq1E01D2DMriKEATHgWLfeNDmq9e29Q9WIky0dQ3NPkd1mzYH8Lm936Z9qw==
  
  "@types/react-leaflet@^2.5.2":
    version "2.5.2"
    resolved "https://registry.yarnpkg.com/@types/react-leaflet/-/react-leaflet-2.5.2.tgz#f38538520f477b84d51b36c1f115b7617cdbf695"
    integrity sha512-XBNFsBm4wQiz6BpzUMJAMXru+h2ESyW/mAdPoSzEirtF/g0NOwbUvPYnZtpbiW70AEXT40ZONtsu3lxwr/yliA==
    dependencies:
      "@types/leaflet" "*"
      "@types/react" "*"
  
  "@types/react@*":
    version "16.9.56"
    resolved "https://registry.yarnpkg.com/@types/react/-/react-16.9.56.tgz#ea25847b53c5bec064933095fc366b1462e2adf0"
    integrity sha512-gIkl4J44G/qxbuC6r2Xh+D3CGZpJ+NdWTItAPmZbR5mUS+JQ8Zvzpl0ea5qT/ZT3ZNTUcDKUVqV3xBE8wv/DyQ==
    dependencies:
      "@types/prop-types" "*"
      csstype "^3.0.2"
  
  csstype@^3.0.2:
    version "3.0.4"
    resolved "https://registry.yarnpkg.com/csstype/-/csstype-3.0.4.tgz#b156d7be03b84ff425c9a0a4b1e5f4da9c5ca888"
    integrity sha512-xc8DUsCLmjvCfoD7LTGE0ou2MIWLx0K9RCZwSHMOdynqRsP4MtUcLeqh1HcQ2dInwDTqn+3CE0/FZh1et+p4jA==
  
  leaflet@^1.7.1:
    version "1.7.1"
    resolved "https://registry.yarnpkg.com/leaflet/-/leaflet-1.7.1.tgz#10d684916edfe1bf41d688a3b97127c0322a2a19"
    integrity sha512-/xwPEBidtg69Q3HlqPdU3DnrXQOvQU/CCHA1tcDQVzOwm91YMYaILjNp7L4Eaw5Z4sOYdbBz6koWyibppd8Zqw==
  
  react-leaflet@^3.0.2:
    version "3.0.2"
    resolved "https://registry.yarnpkg.com/react-leaflet/-/react-leaflet-3.0.2.tgz#4133a0550efe7e24be272b9e24e72fa98b51b751"
    integrity sha512-7JxMV9HOo94jFwn1z+gcHVcYWeMxD994YsLxX3yyWebGOsLxpYfiQgNI7RPZWcAtcBK8XYSRB6WUj8NNb9hgbw==
    dependencies:
      "@react-leaflet/core" "^1.0.2"
